Invalid number "0" encountered while parsing (tag "%" with attributes on= ERROR=). 
Invalid number "0" encountered while parsing (tag "%" with attributes on= ERROR=). 
Invalid number "0" encountered while parsing (tag "%" with attributes on= ERROR=). 
Invalid number "0" encountered while parsing (tag "%" with attributes on= ERROR=). 
Invalid number "0" encountered while parsing (tag "%" with attributes on= ERROR=). 
Invalid number "0" encountered while parsing (tag "%" with attributes on= ERROR=). 
Invalid number "0" encountered while parsing (tag "%" with attributes on= ERROR=). 
Invalid number "0" encountered while parsing (tag "%" with attributes on= ERROR=). 
Invalid number "0" encountered while parsing (tag "%" with attributes on= ERROR=). 
Invalid number "0" encountered while parsing (tag "%" with attributes on= ERROR=). 
Invalid number "0" encountered while parsing (tag "%" with attributes on= ERROR=). 
Invalid number "0" encountered while parsing (tag "%" with attributes on= ERROR=). 
Invalid number "0" encountered while parsing (tag "%" with attributes on= ERROR=). 
Invalid number "0" encountered while parsing (tag "%" with attributes on= ERROR=). 
Invalid number "0" encountered while parsing (tag "%" with attributes on= ERROR=). 
Invalid number "0" encountered while parsing (tag "%" with attributes on= ERROR=). 
Invalid number "0" encountered while parsing (tag "%" with attributes on= ERROR=). 
Invalid number "0" encountered while parsing (tag "%" with attributes on= ERROR=). 
Invalid number "0" encountered while parsing (tag "%" with attributes on= ERROR=). 
Invalid number "0" encountered while parsing (tag "%" with attributes on= ERROR=). 
Invalid number "0" encountered while parsing (tag "%" with attributes on= ERROR=). 
Invalid number "0" encountered while parsing (tag "%" with attributes on= ERROR=). 
Invalid number "0" encountered while parsing (tag "%" with attributes on= ERROR=). 
Invalid number "0" encountered while parsing (tag "%" with attributes on= ERROR=). 
Invalid number "0" encountered while parsing (tag "%" with attributes on= ERROR=). 
Invalid number "0" encountered while parsing (tag "%" with attributes on= ERROR=). 
Invalid number "0" encountered while parsing (tag "%" with attributes on= ERROR=). 
Invalid number "0" encountered while parsing (tag "%" with attributes on= ERROR=). 
Invalid number "0" encountered while parsing (tag "%" with attributes on= ERROR=). 
Invalid number "0" encountered while parsing (tag "%" with attributes on= ERROR=). 
Invalid number "0" encountered while parsing (tag "%" with attributes on= ERROR=). 
Invalid number "0" encountered while parsing (tag "%" with attributes on= ERROR=). 
Invalid number "0" encountered while parsing (tag "%" with attributes on= ERROR=). 
Invalid number "0" encountered while parsing (tag "%" with attributes on= ERROR=). 
Invalid number "0" encountered while parsing (tag "%" with attributes on= ERROR=). 
Invalid number "0" encountered while parsing (tag "%" with attributes on= ERROR=). 
Invalid number "0" encountered while parsing (tag "%" with attributes on= ERROR=). 
Invalid quoted string 'modificado: 17/08/2007 - Lisandro Moro - Se modifico el titulo por (RH Pro X2)' encountered while parsing (tag "%" with attributes). 
Invalid quoted string 'modificado: 17/08/2007 - Lisandro Moro - Se modifico el titulo por (RH Pro X2)' encountered while parsing (tag "%" with attributes). 
Invalid quoted string 'modificado: 17/08/2007 - Lisandro Moro - Se modifico el titulo por (RH Pro X2)' encountered while parsing (tag "%" with attributes). 
Invalid quoted string 'modificado: 17/08/2007 - Lisandro Moro - Se modifico el titulo por (RH Pro X2)' encountered while parsing (tag "%" with attributes). 
Invalid quoted string 'modificado: 17/08/2007 - Lisandro Moro - Se modifico el titulo por (RH Pro X2)' encountered while parsing (tag "%" with attributes). 
Invalid quoted string 'modificado: 17/08/2007 - Lisandro Moro - Se modifico el titulo por (RH Pro X2)' encountered while parsing (tag "%" with attributes dim=). 
Invalid quoted string 'modificado: 17/08/2007 - Lisandro Moro - Se modifico el titulo por (RH Pro X2)' encountered while parsing (tag "%" with attributes dim=). 
Invalid quoted string 'modificado: 17/08/2007 - Lisandro Moro - Se modifico el titulo por (RH Pro X2)' encountered while parsing (tag "%" with attributes). 
Invalid quoted string 'modificado: 17/08/2007 - Lisandro Moro - Se modifico el titulo por (RH Pro X2)' encountered while parsing (tag "%" with attributes). 
Invalid quoted string 'modificado: 17/08/2007 - Lisandro Moro - Se modifico el titulo por (RH Pro X2)' encountered while parsing (tag "%" with attributes). 
Invalid quoted string 'modificado: 17/08/2007 - Lisandro Moro - Se modifico el titulo por (RH Pro X2)' encountered while parsing (tag "%" with attributes). 
Invalid number "0" encountered while parsing (tag "%" with attributes on= ERROR=). 
Invalid number "0" encountered while parsing (tag "%" with attributes on= ERROR=). 
End of file encountered while parsing comment. 
End of file encountered while parsing comment. 
End of file encountered while parsing comment. 
End of file encountered while parsing comment. 
End of file encountered while parsing comment. 
End of file encountered while parsing comment. 
End of file encountered while parsing comment. 
End of file encountered while parsing comment. 
End of file encountered while parsing comment. 
Invalid number "0" encountered while parsing (tag "%" with attributes on= ERROR=). 
Invalid number "0" encountered while parsing (tag "%" with attributes on= ERROR=). 
Invalid number "0" encountered while parsing (tag "%" with attributes on= ERROR=). 
End of file encountered while parsing comment. 
End of file encountered while parsing comment. 
End of file encountered while parsing comment. 
End of file encountered while parsing comment. 
End of file encountered while parsing comment. 
End of file encountered while parsing comment. 
End of file encountered while parsing comment. 
End of file encountered while parsing comment. 
End of file encountered while parsing comment. 
End of file encountered while parsing comment. 
End of file encountered while parsing comment. 
End of file encountered while parsing comment. 
End of file encountered while parsing comment. 
End of file encountered while parsing comment. 
End of file encountered while parsing comment. 
End of file encountered while parsing comment. 
End of file encountered while parsing comment. 
End of file encountered while parsing comment. 
Invalid quoted string 'modificado: 17/08/2007 - Lisandro Moro - Se modifico el titulo por (RH Pro X2)' encountered while parsing (tag "%" with attributes). 
Invalid quoted string 'modificado: 17/08/2007 - Lisandro Moro - Se modifico el titulo por (RH Pro X2)' encountered while parsing (tag "%" with attributes). 
Invalid quoted string 'modificado: 17/08/2007 - Lisandro Moro - Se modifico el titulo por (RH Pro X2)' encountered while parsing (tag "%" with attributes). 
Invalid quoted string 'modificado: 17/08/2007 - Lisandro Moro - Se modifico el titulo por (RH Pro X2)' encountered while parsing (tag "%" with attributes). 
Invalid quoted string 'modificado: 17/08/2007 - Lisandro Moro - Se modifico el titulo por (RH Pro X2)' encountered while parsing (tag "%" with attributes). 
Invalid quoted string 'modificado: 17/08/2007 - Lisandro Moro - Se modifico el titulo por (RH Pro X2)' encountered while parsing (tag "%" with attributes). 
Invalid quoted string 'modificado: 17/08/2007 - Lisandro Moro - Se modifico el titulo por (RH Pro X2)' encountered while parsing (tag "%" with attributes). 
Invalid quoted string 'modificado: 17/08/2007 - Lisandro Moro - Se modifico el titulo por (RH Pro X2)' encountered while parsing (tag "%" with attributes). 
Invalid quoted string 'modificado: 17/08/2007 - Lisandro Moro - Se modifico el titulo por (RH Pro X2)' encountered while parsing (tag "%" with attributes). 
Invalid quoted string 'modificado: 17/08/2007 - Lisandro Moro - Se modifico el titulo por (RH Pro X2)' encountered while parsing (tag "%" with attributes). 
Invalid quoted string 'modificado: 17/08/2007 - Lisandro Moro - Se modifico el titulo por (RH Pro X2)' encountered while parsing (tag "%" with attributes). 
Invalid quoted string 'Modificado     :15-03-2006 Maximiliano Breglia Solo vean empleados activos' encountered while parsing (tag "%" with attributes). 
Invalid quoted string 'Modificado     :15-03-2006 Maximiliano Breglia Solo vean empleados activos' encountered while parsing (tag "%" with attributes). 
Invalid quoted string 'Modificado     :15-03-2006 Maximiliano Breglia Solo vean empleados activos' encountered while parsing (tag "%" with attributes). 
Invalid quoted string 'Modificado     :15-03-2006 Maximiliano Breglia Solo vean empleados activos' encountered while parsing (tag "%" with attributes). 
